[32m[Pascal][0m Running with ['cores', 'input', 'repetitions']
[32m[Pascal][0m Cores: 32 Input: 0 
[32m[Pascal][0m Total time 3.8235280513763428
[32m[Pascal][0m Total time 4.179571628570557
[32m[Pascal][0m Total time 3.951324701309204
[32m[Pascal][0m Total time 4.249184846878052
[32m[Pascal][0m Total time 3.8877530097961426
[32m[Pascal][0m Cores: 32 Input: 1 
[32m[Pascal][0m Total time 4.366937160491943
[32m[Pascal][0m Total time 4.571072101593018
[32m[Pascal][0m Total time 4.386626243591309
[32m[Pascal][0m Total time 4.397955656051636
[32m[Pascal][0m Total time 4.572068452835083
[32m[Pascal][0m Cores: 32 Input: 2 
[32m[Pascal][0m Total time 4.952439785003662
[32m[Pascal][0m Total time 4.937563896179199
[32m[Pascal][0m Total time 4.911093235015869
[32m[Pascal][0m Total time 4.650006532669067
[32m[Pascal][0m Total time 4.5745439529418945
[32m[Pascal][0m Cores: 32 Input: 3 
[32m[Pascal][0m Total time 5.613682746887207
[32m[Pascal][0m Total time 5.431818962097168
[32m[Pascal][0m Total time 5.281620979309082
[32m[Pascal][0m Total time 5.694711685180664
[32m[Pascal][0m Total time 5.513263940811157
[32m[Pascal][0m Cores: 32 Input: 4 
[32m[Pascal][0m Total time 6.665979623794556
[32m[Pascal][0m Total time 7.080020427703857
[32m[Pascal][0m Total time 6.761362314224243
[32m[Pascal][0m Total time 6.50365424156189
[32m[Pascal][0m Total time 6.553322792053223
[32m[Pascal][0m Cores: 16 Input: 0 
[32m[Pascal][0m Total time 2.0883774757385254
[32m[Pascal][0m Total time 2.267880439758301
[32m[Pascal][0m Total time 2.0903103351593018
[32m[Pascal][0m Total time 2.2519311904907227
[32m[Pascal][0m Total time 2.404583692550659
[32m[Pascal][0m Cores: 16 Input: 1 
[32m[Pascal][0m Total time 2.9629106521606445
[32m[Pascal][0m Total time 2.91862154006958
[32m[Pascal][0m Total time 2.7748966217041016
[32m[Pascal][0m Total time 3.1081297397613525
[32m[Pascal][0m Total time 3.0116851329803467
[32m[Pascal][0m Cores: 16 Input: 2 
[32m[Pascal][0m Total time 3.917919635772705
[32m[Pascal][0m Total time 3.7581124305725098
[32m[Pascal][0m Total time 3.7326552867889404
[32m[Pascal][0m Total time 3.811828851699829
[32m[Pascal][0m Total time 3.816425323486328
[32m[Pascal][0m Cores: 16 Input: 3 
[32m[Pascal][0m Total time 4.899159908294678
[32m[Pascal][0m Total time 5.134282112121582
[32m[Pascal][0m Total time 5.285506725311279
[32m[Pascal][0m Total time 5.226480484008789
[32m[Pascal][0m Total time 5.262673854827881
[32m[Pascal][0m Cores: 16 Input: 4 
[32m[Pascal][0m Total time 8.05316948890686
[32m[Pascal][0m Total time 8.800097703933716
[32m[Pascal][0m Total time 8.188154697418213
[32m[Pascal][0m Total time 9.59260869026184
[32m[Pascal][0m Total time 9.58031415939331
[32m[Pascal][0m Cores: 8 Input: 0 
[32m[Pascal][0m Total time 1.8922507762908936
[32m[Pascal][0m Total time 2.11979341506958
[32m[Pascal][0m Total time 1.93332839012146
[32m[Pascal][0m Total time 1.9181444644927979
[32m[Pascal][0m Total time 1.9392237663269043
[32m[Pascal][0m Cores: 8 Input: 1 
[32m[Pascal][0m Total time 2.752882719039917
[32m[Pascal][0m Total time 2.985335350036621
[32m[Pascal][0m Total time 2.9550750255584717
[32m[Pascal][0m Total time 3.033076047897339
[32m[Pascal][0m Total time 3.0138397216796875
[32m[Pascal][0m Cores: 8 Input: 2 
[32m[Pascal][0m Total time 4.178161144256592
[32m[Pascal][0m Total time 4.344205617904663
[32m[Pascal][0m Total time 4.3323023319244385
[32m[Pascal][0m Total time 4.322213411331177
[32m[Pascal][0m Total time 4.265352010726929
[32m[Pascal][0m Cores: 8 Input: 3 
[32m[Pascal][0m Total time 6.975934267044067
[32m[Pascal][0m Total time 7.110107660293579
[32m[Pascal][0m Total time 6.925093650817871
[32m[Pascal][0m Total time 7.293508291244507
[32m[Pascal][0m Total time 7.027613162994385
[32m[Pascal][0m Cores: 8 Input: 4 
[32m[Pascal][0m Total time 12.224202871322632
[32m[Pascal][0m Total time 12.852625608444214
[32m[Pascal][0m Total time 11.939078330993652
[32m[Pascal][0m Total time 12.181479215621948
[32m[Pascal][0m Total time 13.00575852394104
[32m[Pascal][0m Cores: 4 Input: 0 
[32m[Pascal][0m Total time 2.476154088973999
[32m[Pascal][0m Total time 2.5230932235717773
[32m[Pascal][0m Total time 2.2658658027648926
[32m[Pascal][0m Total time 2.173689126968384
[32m[Pascal][0m Total time 2.4295871257781982
[32m[Pascal][0m Cores: 4 Input: 1 
[32m[Pascal][0m Total time 3.527956485748291
[32m[Pascal][0m Total time 3.921499013900757
[32m[Pascal][0m Total time 3.5476880073547363
[32m[Pascal][0m Total time 3.5057740211486816
[32m[Pascal][0m Total time 3.497530698776245
[32m[Pascal][0m Cores: 4 Input: 2 
[32m[Pascal][0m Total time 5.782642602920532
[32m[Pascal][0m Total time 6.056667804718018
[32m[Pascal][0m Total time 6.302088499069214
[32m[Pascal][0m Total time 6.054285287857056
[32m[Pascal][0m Total time 5.971766948699951
[32m[Pascal][0m Cores: 4 Input: 3 
[32m[Pascal][0m Total time 11.106802701950073
[32m[Pascal][0m Total time 10.576051712036133
[32m[Pascal][0m Total time 10.867169380187988
[32m[Pascal][0m Total time 11.082157850265503
[32m[Pascal][0m Total time 11.020030975341797
[32m[Pascal][0m Cores: 4 Input: 4 
[32m[Pascal][0m Total time 21.058919668197632
[32m[Pascal][0m Total time 20.8834707736969
[32m[Pascal][0m Total time 20.320622444152832
[32m[Pascal][0m Total time 20.408301830291748
[32m[Pascal][0m Total time 20.870651960372925
[32m[Pascal][0m Cores: 2 Input: 0 
[32m[Pascal][0m Total time 2.9160702228546143
[32m[Pascal][0m Total time 3.1167664527893066
[32m[Pascal][0m Total time 3.4255144596099854
[32m[Pascal][0m Total time 3.4926533699035645
[32m[Pascal][0m Total time 3.0486254692077637
[32m[Pascal][0m Cores: 2 Input: 1 
[32m[Pascal][0m Total time 5.5805487632751465
[32m[Pascal][0m Total time 5.489268779754639
[32m[Pascal][0m Total time 5.678696870803833
[32m[Pascal][0m Total time 5.784290552139282
[32m[Pascal][0m Total time 5.680779695510864
[32m[Pascal][0m Cores: 2 Input: 2 
[32m[Pascal][0m Total time 11.014679431915283
[32m[Pascal][0m Total time 10.739802837371826
[32m[Pascal][0m Total time 11.002562522888184
[32m[Pascal][0m Total time 9.955330848693848
[32m[Pascal][0m Total time 10.10890531539917
[32m[Pascal][0m Cores: 2 Input: 3 
[32m[Pascal][0m Total time 20.657869338989258
[32m[Pascal][0m Total time 20.417635679244995
[32m[Pascal][0m Total time 20.77946949005127
[32m[Pascal][0m Total time 19.352375030517578
[32m[Pascal][0m Total time 19.421993732452393
[32m[Pascal][0m Cores: 2 Input: 4 
[32m[Pascal][0m Total time 39.76230001449585
[32m[Pascal][0m Total time 37.39509105682373
[32m[Pascal][0m Total time 37.62185001373291
[32m[Pascal][0m Total time 37.4542875289917
[32m[Pascal][0m Total time 39.88495898246765
[32m[Pascal][0m Cores: 1 Input: 0 
[32m[Pascal][0m Total time 4.787543296813965
[32m[Pascal][0m Total time 5.159254550933838
[32m[Pascal][0m Total time 4.676687717437744
[32m[Pascal][0m Total time 5.241726398468018
[32m[Pascal][0m Total time 5.128710985183716
[32m[Pascal][0m Cores: 1 Input: 1 
[32m[Pascal][0m Total time 9.171070337295532
[32m[Pascal][0m Total time 9.122803926467896
[32m[Pascal][0m Total time 8.975419044494629
[32m[Pascal][0m Total time 9.061261415481567
[32m[Pascal][0m Total time 9.10891318321228
[32m[Pascal][0m Cores: 1 Input: 2 
[32m[Pascal][0m Total time 17.5604887008667
[32m[Pascal][0m Total time 18.790075063705444
[32m[Pascal][0m Total time 17.954615831375122
[32m[Pascal][0m Total time 19.42565894126892
[32m[Pascal][0m Total time 17.646097660064697
[32m[Pascal][0m Cores: 1 Input: 3 
[32m[Pascal][0m Total time 37.17644762992859
[32m[Pascal][0m Total time 34.73898792266846
[32m[Pascal][0m Total time 34.23198676109314
[32m[Pascal][0m Total time 34.94678854942322
[32m[Pascal][0m Total time 34.87861371040344
[32m[Pascal][0m Cores: 1 Input: 4 
[32m[Pascal][0m Total time 73.90580368041992
[32m[Pascal][0m Total time 68.59109163284302
[32m[Pascal][0m Total time 74.01436257362366
[32m[Pascal][0m Total time 68.32778978347778
[32m[Pascal][0m Total time 68.81087183952332
[32m[Pascal][0m ***** Done! *****
[32m[Pascal][0m Saving data
